<?xml version="1.0" encoding="UTF-8"?>
<!-- Generated by org.testng.reporters.JUnitReportReporter -->
<testsuite hostname="Robin" failures="0" tests="1" name="testng.timeoutepectedexceptions" time="7.245" errors="0" timestamp="2022-08-20T18:10:50 IST" skipped="0">
  <testcase classname="testng.timeoutepectedexceptions" name="testmethod" time="7.245"/>
  <system-out/>
</testsuite> <!-- testng.timeoutepectedexceptions -->
