<?xml version="1.0" encoding="UTF-8"?>
<!-- Generated by org.testng.reporters.JUnitReportReporter -->
<testsuite hostname="Robin" failures="0" tests="3" name="testng.annotations" time="78.887" errors="0" timestamp="2022-12-13T18:57:58 IST" skipped="0">
  <testcase classname="testng.annotations" name="navigatetomobiles" time="53.644"/>
  <system-out/>
  <testcase classname="testng.annotations" name="searchforproduct" time="2.676"/>
  <system-out/>
  <testcase classname="testng.annotations" name="launchbrowser" time="22.567"/>
  <system-out/>
</testsuite> <!-- testng.annotations -->
