<?xml version="1.0" encoding="UTF-8"?>
<!-- Generated by org.testng.reporters.JUnitReportReporter -->
<testsuite hostname="Robin" failures="0" tests="4" name="practice.practice" time="0.003" errors="0" timestamp="2022-10-10T19:20:50 IST" skipped="1">
  <testcase classname="practice.practice" name="test2" time="0.001"/>
  <system-out/>
  <testcase classname="practice.practice" name="test1" time="0.001"/>
  <system-out/>
  <testcase classname="practice.practice" name="test3" time="0.001"/>
  <system-out/>
  <testcase classname="practice.practice" name="maintest" time="0.000">
    <skipped/>
  </testcase> <!-- maintest -->
  <system-out/>
</testsuite> <!-- practice.practice -->
