<?xml version="1.0" encoding="UTF-8"?>
<!-- Generated by org.testng.reporters.JUnitReportReporter -->
<testsuite hostname="Robin" failures="0" tests="1" name="testng.testng.intro" time="0.008" errors="0" timestamp="2022-09-23T09:57:16 IST" skipped="0">
  <testcase classname="testng.testng.intro" name="launchnrowser" time="0.008"/>
  <system-out/>
</testsuite> <!-- testng.testng.intro -->
