<?xml version="1.0" encoding="UTF-8"?>
<!-- Generated by org.testng.reporters.JUnitReportReporter -->
<testsuite hostname="Robin" failures="0" tests="3" name="NewTest" time="31.241" errors="0" timestamp="2022-09-28T19:24:51 IST" skipped="0">
  <testcase classname="NewTest" name="navigatetomobiles" time="23.974"/>
  <system-out/>
  <testcase classname="NewTest" name="launchbrowser" time="4.545"/>
  <system-out/>
  <testcase classname="NewTest" name="searchforproduct" time="2.722"/>
  <system-out/>
</testsuite> <!-- NewTest -->
