<?xml version="1.0" encoding="UTF-8"?>
<!-- Generated by org.testng.reporters.JUnitReportReporter -->
<testsuite hostname="Robin" failures="0" tests="4" name="testng.dataproviderpartially" time="0.015" errors="0" timestamp="2023-06-24T21:42:00 IST" skipped="0">
  <testcase classname="testng.dataproviderpartially" name="tetslogin" time="0.001"/>
  <system-out/>
  <testcase classname="testng.dataproviderpartially" name="tetslogin" time="0.001"/>
  <system-out/>
  <testcase classname="testng.dataproviderpartially" name="tetslogin" time="0.012"/>
  <system-out/>
  <testcase classname="testng.dataproviderpartially" name="tetslogin" time="0.001"/>
  <system-out/>
</testsuite> <!-- testng.dataproviderpartially -->
