<?xml version="1.0" encoding="UTF-8"?>
<!-- Generated by org.testng.reporters.JUnitReportReporter -->
<testsuite hostname="Robin" failures="0" tests="2" name="groupin.intro" time="0.000" errors="0" timestamp="2022-12-15T09:05:43 IST" skipped="0">
  <testcase classname="groupin.intro" name="test8" time="0.000"/>
  <system-out/>
  <testcase classname="groupin.intro" name="test6" time="0.000"/>
  <system-out/>
</testsuite> <!-- groupin.intro -->
