<?xml version="1.0" encoding="UTF-8"?>
<!-- Generated by org.testng.reporters.JUnitReportReporter -->
<testsuite hostname="Robin" failures="0" tests="12" name="practice.groupin" time="0.030" errors="0" timestamp="2022-10-10T21:19:42 IST" skipped="0">
  <testcase classname="practice.groupin" name="test1" time="0.010"/>
  <system-out/>
  <testcase classname="practice.groupin" name="test0" time="0.000"/>
  <system-out/>
  <testcase classname="practice.groupin" name="test2" time="0.001"/>
  <system-out/>
  <testcase classname="practice.groupin" name="test1" time="0.002"/>
  <system-out/>
  <testcase classname="practice.groupin" name="test2" time="0.000"/>
  <system-out/>
  <testcase classname="practice.groupin" name="test1" time="0.001"/>
  <system-out/>
  <testcase classname="practice.groupin" name="test3" time="0.001"/>
  <system-out/>
  <testcase classname="practice.groupin" name="test2" time="0.001"/>
  <system-out/>
  <testcase classname="practice.groupin" name="test3" time="0.002"/>
  <system-out/>
  <testcase classname="practice.groupin" name="test0" time="0.001"/>
  <system-out/>
  <testcase classname="practice.groupin" name="test0" time="0.010"/>
  <system-out/>
  <testcase classname="practice.groupin" name="test3" time="0.001"/>
  <system-out/>
</testsuite> <!-- practice.groupin -->
