<?xml version="1.0" encoding="UTF-8"?>
<!-- Generated by org.testng.reporters.JUnitReportReporter -->
<testsuite hostname="Robin" failures="0" tests="7" name="testng.groupingtest" time="0.016" errors="0" timestamp="2022-10-07T08:37:10 IST" skipped="0">
  <testcase classname="testng.groupingtest" name="test2" time="0.002"/>
  <system-out/>
  <testcase classname="testng.groupingtest" name="test4" time="0.001"/>
  <system-out/>
  <testcase classname="testng.groupingtest" name="test1" time="0.009"/>
  <system-out/>
  <testcase classname="testng.groupingtest" name="test6" time="0.001"/>
  <system-out/>
  <testcase classname="testng.groupingtest" name="test3" time="0.001"/>
  <system-out/>
  <testcase classname="testng.groupingtest" name="test5" time="0.001"/>
  <system-out/>
  <testcase classname="testng.groupingtest" name="test7" time="0.001"/>
  <system-out/>
</testsuite> <!-- testng.groupingtest -->
