<?xml version="1.0" encoding="UTF-8"?>
<!-- Generated by org.testng.reporters.JUnitReportReporter -->
<testsuite hostname="Robin" failures="0" tests="1" name="testng.listeners" time="0.008" errors="0" timestamp="2022-12-16T10:48:01 IST" skipped="0">
  <testcase classname="testng.listeners" name="test2" time="0.008"/>
  <system-out/>
</testsuite> <!-- testng.listeners -->
