<?xml version="1.0" encoding="UTF-8"?>
<!-- Generated by org.testng.reporters.JUnitReportReporter -->
<testsuite hostname="Robin" failures="0" tests="3" name="testng.dataproiverretuentypes" time="0.000" errors="0" timestamp="2023-06-25T19:25:49 IST" skipped="0">
  <testcase classname="testng.dataproiverretuentypes" name="display" time="0.000"/>
  <system-out/>
  <testcase classname="testng.dataproiverretuentypes" name="display" time="0.000"/>
  <system-out/>
  <testcase classname="testng.dataproiverretuentypes" name="display" time="0.000"/>
  <system-out/>
</testsuite> <!-- testng.dataproiverretuentypes -->
