<?xml version="1.0" encoding="UTF-8"?>
<!-- Generated by org.testng.reporters.JUnitReportReporter -->
<testsuite hostname="Robin" failures="0" tests="1" name="demotest.ignoremethods" time="0.010" errors="0" timestamp="2022-08-15T20:10:05 IST" skipped="0">
  <testcase classname="demotest.ignoremethods" name="test2" time="0.010"/>
  <system-out/>
</testsuite> <!-- demotest.ignoremethods -->
