<?xml version="1.0" encoding="UTF-8"?>
<!-- Generated by org.testng.reporters.JUnitReportReporter -->
<testsuite hostname="Robin" failures="0" tests="5" name="practice.priority" time="0.014" errors="0" timestamp="2022-10-06T09:31:56 IST" skipped="1">
  <testcase classname="practice.priority" name="signup" time="0.011"/>
  <system-out/>
  <testcase classname="practice.priority" name="search" time="0.001"/>
  <system-out/>
  <testcase classname="practice.priority" name="confirm" time="0.001"/>
  <system-out/>
  <testcase classname="practice.priority" name="logout" time="0.001"/>
  <system-out/>
  <testcase classname="practice.priority" name="login">
    <skipped/>
  </testcase> <!-- login -->
  <system-out/>
</testsuite> <!-- practice.priority -->
