<?xml version="1.0" encoding="UTF-8"?>
<!-- Generated by org.testng.reporters.JUnitReportReporter -->
<testsuite hostname="Robin" failures="0" tests="2" name="practice.para" time="4.222" errors="0" timestamp="2022-10-03T10:34:17 IST" skipped="0">
  <testcase classname="practice.para" name="launchapp" time="2.775"/>
  <system-out/>
  <testcase classname="practice.para" name="logindetails" time="1.447"/>
  <system-out/>
</testsuite> <!-- practice.para -->
