<?xml version="1.0" encoding="UTF-8"?>
<!-- Generated by org.testng.reporters.JUnitReportReporter -->
<testsuite hostname="Robin" failures="0" tests="6" name="testng.priority" time="0.018" errors="0" timestamp="2023-06-24T12:10:51 IST" skipped="0">
  <testcase classname="testng.priority" name="logout" time="0.011"/>
  <system-out/>
  <testcase classname="testng.priority" name="signup" time="0.001"/>
  <system-out/>
  <testcase classname="testng.priority" name="login" time="0.002"/>
  <system-out/>
  <testcase classname="testng.priority" name="searchforflight" time="0.001"/>
  <system-out/>
  <testcase classname="testng.priority" name="bookingflight" time="0.001"/>
  <system-out/>
  <testcase classname="testng.priority" name="savetheticket" time="0.002"/>
  <system-out/>
</testsuite> <!-- testng.priority -->
