<?xml version="1.0" encoding="UTF-8"?>
<!-- Generated by org.testng.reporters.JUnitReportReporter -->
<testsuite hostname="Robin" failures="0" tests="1" name="testng.Testclass" time="13.441" errors="0" timestamp="2022-08-14T16:50:26 IST" skipped="0">
  <testcase classname="testng.Testclass" name="orangehrm" time="13.441"/>
  <system-out/>
</testsuite> <!-- testng.Testclass -->
