<?xml version="1.0" encoding="UTF-8"?>
<!-- Generated by org.testng.reporters.JUnitReportReporter -->
<testsuite hostname="Robin" failures="0" tests="2" name="testng.dataprovider" time="21.450" errors="0" timestamp="2022-10-11T20:35:04 IST" skipped="0">
  <testcase classname="testng.dataprovider" name="logintest" time="11.620"/>
  <system-out/>
  <testcase classname="testng.dataprovider" name="logintest" time="9.830"/>
  <system-out/>
</testsuite> <!-- testng.dataprovider -->
