<?xml version="1.0" encoding="UTF-8"?>
<!-- Generated by org.testng.reporters.JUnitReportReporter -->
<testsuite hostname="Robin" failures="0" tests="2" name="practice.dp2" time="0.006" errors="0" timestamp="2022-10-12T18:38:16 IST" skipped="0">
  <testcase classname="practice.dp2" name="login" time="0.006"/>
  <system-out/>
  <testcase classname="practice.dp2" name="login" time="0.000"/>
  <system-out/>
</testsuite> <!-- practice.dp2 -->
