<?xml version="1.0" encoding="UTF-8"?>
<!-- Generated by org.testng.reporters.JUnitReportReporter -->
<testsuite hostname="Robin" failures="0" tests="4" name="practice.dp1" time="0.014" errors="0" timestamp="2022-12-14T10:13:15 IST" skipped="0">
  <testcase classname="practice.dp1" name="logindata" time="0.001"/>
  <system-out/>
  <testcase classname="practice.dp1" name="logindata" time="0.003"/>
  <system-out/>
  <testcase classname="practice.dp1" name="logindata" time="0.001"/>
  <system-out/>
  <testcase classname="practice.dp1" name="logindata" time="0.009"/>
  <system-out/>
</testsuite> <!-- practice.dp1 -->
