<?xml version="1.0" encoding="UTF-8"?>
<!-- Generated by org.testng.reporters.JUnitReportReporter -->
<testsuite hostname="Robin" failures="0" tests="2" name="practice.group" time="24.988" errors="0" timestamp="2022-10-06T09:07:18 IST" skipped="0">
  <testcase classname="practice.group" name="justtest" time="9.300"/>
  <system-out/>
  <testcase classname="practice.group" name="key" time="15.688"/>
  <system-out/>
</testsuite> <!-- practice.group -->
