<?xml version="1.0" encoding="UTF-8"?>
<!-- Generated by org.testng.reporters.JUnitReportReporter -->
<testsuite hostname="Robin" failures="0" tests="7" name="priorityetst" time="0.014" errors="0" timestamp="2022-08-15T08:29:52 IST" skipped="0">
  <testcase classname="priorityetst" name="saveticket" time="0.000"/>
  <system-out/>
  <testcase classname="priorityetst" name="logout" time="0.001"/>
  <system-out/>
  <testcase classname="priorityetst" name="signup" time="0.001"/>
  <system-out/>
  <testcase classname="priorityetst" name="bookflightticket" time="0.009"/>
  <system-out/>
  <testcase classname="priorityetst" name="flightbookingtest" time="0.001"/>
  <system-out/>
  <testcase classname="priorityetst" name="searchforflight" time="0.001"/>
  <system-out/>
  <testcase classname="priorityetst" name="login" time="0.001"/>
  <system-out/>
</testsuite> <!-- priorityetst -->
